Flow report for fill
Sat Dec 01 19:32:18 2018
Quartus Prime Version 18.0.0 Build 614 04/24/2018 SJ Lite Edition


---------------------
; Table of Contents ;
---------------------
  1. Legal Notice
  2. Flow Summary
  3. Flow Settings
  4. Flow Non-Default Global Settings
  5. Flow Elapsed Time
  6. Flow OS Summary
  7. Flow Log
  8. Flow Messages
  9. Flow Suppressed Messages



----------------
; Legal Notice ;
----------------
Copyright (C) 2018  Intel Corporation. All rights reserved.
Your use of Intel Corporation's design tools, logic functions 
and other software and tools, and its AMPP partner logic 
functions, and any output files from any of the foregoing 
(including device programming or simulation files), and any 
associated documentation or information are expressly subject 
to the terms and conditions of the Intel Program License 
Subscription Agreement, the Intel Quartus Prime License Agreement,
the Intel FPGA IP License Agreement, or other applicable license
agreement, including, without limitation, that your use is for
the sole purpose of programming logic devices manufactured by
Intel and sold by Intel or its authorized distributors.  Please
refer to the applicable agreement for further details.



+-------------------------------------------------------------------------------+
; Flow Summary                                                                  ;
+---------------------------------+---------------------------------------------+
; Flow Status                     ; Successful - Sat Dec 01 19:31:15 2018       ;
; Quartus Prime Version           ; 18.0.0 Build 614 04/24/2018 SJ Lite Edition ;
; Revision Name                   ; fill                                        ;
; Top-level Entity Name           ; DecibelCounterTop                           ;
; Family                          ; Cyclone V                                   ;
; Device                          ; 5CSEMA5F31C6                                ;
; Timing Models                   ; Final                                       ;
; Logic utilization (in ALMs)     ; 2,152 / 32,070 ( 7 % )                      ;
; Total registers                 ; 832                                         ;
; Total pins                      ; 52 / 457 ( 11 % )                           ;
; Total virtual pins              ; 0                                           ;
; Total block memory bits         ; 768,064 / 4,065,280 ( 19 % )                ;
; Total DSP Blocks                ; 0 / 87 ( 0 % )                              ;
; Total HSSI RX PCSs              ; 0                                           ;
; Total HSSI PMA RX Deserializers ; 0                                           ;
; Total HSSI TX PCSs              ; 0                                           ;
; Total HSSI PMA TX Serializers   ; 0                                           ;
; Total PLLs                      ; 1 / 6 ( 17 % )                              ;
; Total DLLs                      ; 0 / 4 ( 0 % )                               ;
+---------------------------------+---------------------------------------------+


+-----------------------------------------+
; Flow Settings                           ;
+-------------------+---------------------+
; Option            ; Setting             ;
+-------------------+---------------------+
; Start date & time ; 12/01/2018 19:21:46 ;
; Main task         ; Compilation         ;
; Revision Name     ; fill                ;
+-------------------+---------------------+


+-------------------------------------------------------------------------------------------------------------------------------+
; Flow Non-Default Global Settings                                                                                              ;
+-------------------------------------+----------------------------------------+---------------+-------------------+------------+
; Assignment Name                     ; Value                                  ; Default Value ; Entity Name       ; Section Id ;
+-------------------------------------+----------------------------------------+---------------+-------------------+------------+
; COMPILER_SIGNATURE_ID               ; 109952957665069.154371010506640        ; --            ; --                ; --         ;
; MAX_CORE_JUNCTION_TEMP              ; 85                                     ; --            ; --                ; --         ;
; MIN_CORE_JUNCTION_TEMP              ; 0                                      ; --            ; --                ; --         ;
; PARTITION_COLOR                     ; -- (Not supported for targeted family) ; --            ; DecibelCounterTop ; Top        ;
; PARTITION_FITTER_PRESERVATION_LEVEL ; -- (Not supported for targeted family) ; --            ; DecibelCounterTop ; Top        ;
; PARTITION_NETLIST_TYPE              ; -- (Not supported for targeted family) ; --            ; DecibelCounterTop ; Top        ;
; POWER_BOARD_THERMAL_MODEL           ; None (CONSERVATIVE)                    ; --            ; --                ; --         ;
; POWER_PRESET_COOLING_SOLUTION       ; 23 MM HEAT SINK WITH 200 LFPM AIRFLOW  ; --            ; --                ; --         ;
; PROJECT_OUTPUT_DIRECTORY            ; output_files                           ; --            ; --                ; --         ;
; TOP_LEVEL_ENTITY                    ; DecibelCounterTop                      ; fill          ; --                ; --         ;
+-------------------------------------+----------------------------------------+---------------+-------------------+------------+


+--------------------------------------------------------------------------------------------------------------------------+
; Flow Elapsed Time                                                                                                        ;
+----------------------+--------------+-------------------------+---------------------+------------------------------------+
; Module Name          ; Elapsed Time ; Average Processors Used ; Peak Virtual Memory ; Total CPU Time (on all processors) ;
+----------------------+--------------+-------------------------+---------------------+------------------------------------+
; Analysis & Synthesis ; 00:02:05     ; 1.0                     ; 4902 MB             ; 00:02:07                           ;
; Fitter               ; 00:06:13     ; 1.2                     ; 6715 MB             ; 00:09:38                           ;
; Assembler            ; 00:00:48     ; 1.0                     ; 4898 MB             ; 00:00:42                           ;
; Timing Analyzer      ; 00:01:00     ; 2.2                     ; 5268 MB             ; 00:01:07                           ;
; Total                ; 00:10:06     ; --                      ; --                  ; 00:13:34                           ;
+----------------------+--------------+-------------------------+---------------------+------------------------------------+


+------------------------------------------------------------------------------------+
; Flow OS Summary                                                                    ;
+----------------------+------------------+------------+------------+----------------+
; Module Name          ; Machine Hostname ; OS Name    ; OS Version ; Processor type ;
+----------------------+------------------+------------+------------+----------------+
; Analysis & Synthesis ; DESKTOP-5PPBUKH  ; Windows 10 ; 10.0       ; x86_64         ;
; Fitter               ; DESKTOP-5PPBUKH  ; Windows 10 ; 10.0       ; x86_64         ;
; Assembler            ; DESKTOP-5PPBUKH  ; Windows 10 ; 10.0       ; x86_64         ;
; Timing Analyzer      ; DESKTOP-5PPBUKH  ; Windows 10 ; 10.0       ; x86_64         ;
+----------------------+------------------+------------+------------+----------------+


------------
; Flow Log ;
------------
quartus_map --read_settings_files=on --write_settings_files=off DecibelCounterProject -c fill
quartus_fit --read_settings_files=off --write_settings_files=off DecibelCounterProject -c fill
quartus_asm --read_settings_files=off --write_settings_files=off DecibelCounterProject -c fill
quartus_sta DecibelCounterProject -c fill



